
*** Running vivado
    with args -log uart_top.vds -m64 -product Vivado -mode batch -messageDb vivado.pb -notrace -source uart_top.tcl


Режим вывода команд на экран (ECHO) отключен.
Режим вывода команд на экран (ECHO) отключен.

****** Vivado v2023.1 (64-bit)
  **** SW Build 3865809 on Sun May  7 15:05:29 MDT 2023
  **** IP Build 3864474 on Sun May  7 20:36:21 MDT 2023
  **** SharedData Build 3865790 on Sun May 07 13:33:03 MDT 2023
    ** Copyright 1986-2022 Xilinx, Inc. All Rights Reserved.
    ** Copyright 2022-2023 Advanced Micro Devices, Inc. All Rights Reserved.

source uart_top.tcl -notrace
create_project: Time (s): cpu = 00:00:07 ; elapsed = 00:00:09 . Memory (MB): peak = 430.590 ; gain = 162.777
Command: read_checkpoint -auto_incremental -incremental D:/SimpleUART/SimpleUART.srcs/utils_1/imports/synth_1/uart_top.dcp
INFO: [Vivado 12-5825] Read reference checkpoint from D:/SimpleUART/SimpleUART.srcs/utils_1/imports/synth_1/uart_top.dcp for incremental synthesis
INFO: [Vivado 12-7989] Please ensure there are no constraint changes
Command: synth_design -top uart_top -part xc7a35ticsg324-1L
Starting synth_design
Attempting to get a license for feature 'Synthesis' and/or device 'xc7a35ti'
INFO: [Common 17-349] Got license for feature 'Synthesis' and/or device 'xc7a35ti'
INFO: [Device 21-403] Loading part xc7a35ticsg324-1L
INFO: [Designutils 20-5440] No compile time benefit to using incremental synthesis; A full resynthesis will be run
INFO: [Designutils 20-4379] Flow is switching to default flow due to incremental criteria not met. If you would like to alter this behaviour and have the flow terminate instead, please set the following parameter config_implementation {autoIncr.Synth.RejectBehavior Terminate}
INFO: [Synth 8-7079] Multithreading enabled for synth_design using a maximum of 2 processes.
INFO: [Synth 8-7078] Launching helper process for spawning children vivado processes
INFO: [Synth 8-7075] Helper process launched with PID 14108
---------------------------------------------------------------------------------
Starting RTL Elaboration : Time (s): cpu = 00:00:07 ; elapsed = 00:00:07 . Memory (MB): peak = 1249.051 ; gain = 412.238
---------------------------------------------------------------------------------
INFO: [Synth 8-6157] synthesizing module 'uart_top' [D:/SimpleUART/SimpleUART.srcs/sources_1/new/uart_top.sv:1]
INFO: [Synth 8-6157] synthesizing module 'uart_rx' [D:/SimpleUART/SimpleUART.srcs/sources_1/new/uart_rx.sv:1]
INFO: [Synth 8-155] case statement is not full and has no default [D:/SimpleUART/SimpleUART.srcs/sources_1/new/uart_rx.sv:42]
INFO: [Synth 8-155] case statement is not full and has no default [D:/SimpleUART/SimpleUART.srcs/sources_1/new/uart_rx.sv:53]
INFO: [Synth 8-6155] done synthesizing module 'uart_rx' (0#1) [D:/SimpleUART/SimpleUART.srcs/sources_1/new/uart_rx.sv:1]
INFO: [Synth 8-6157] synthesizing module 'uart_tx' [D:/SimpleUART/SimpleUART.srcs/sources_1/new/uart_tx.sv:1]
INFO: [Synth 8-155] case statement is not full and has no default [D:/SimpleUART/SimpleUART.srcs/sources_1/new/uart_tx.sv:43]
INFO: [Synth 8-155] case statement is not full and has no default [D:/SimpleUART/SimpleUART.srcs/sources_1/new/uart_tx.sv:56]
INFO: [Synth 8-6155] done synthesizing module 'uart_tx' (0#1) [D:/SimpleUART/SimpleUART.srcs/sources_1/new/uart_tx.sv:1]
INFO: [Synth 8-6155] done synthesizing module 'uart_top' (0#1) [D:/SimpleUART/SimpleUART.srcs/sources_1/new/uart_top.sv:1]
WARNING: [Synth 8-87] always_comb on 'ready_reg' did not result in combinational logic [D:/SimpleUART/SimpleUART.srcs/sources_1/new/uart_rx.sv:54]
WARNING: [Synth 8-87] always_comb on 'data_reg' did not result in combinational logic [D:/SimpleUART/SimpleUART.srcs/sources_1/new/uart_rx.sv:56]
WARNING: [Synth 8-87] always_comb on 'q_reg' did not result in combinational logic [D:/SimpleUART/SimpleUART.srcs/sources_1/new/uart_tx.sv:57]
WARNING: [Synth 8-87] always_comb on 'busy_reg' did not result in combinational logic [D:/SimpleUART/SimpleUART.srcs/sources_1/new/uart_tx.sv:57]
---------------------------------------------------------------------------------
Finished RTL Elaboration : Time (s): cpu = 00:00:09 ; elapsed = 00:00:09 . Memory (MB): peak = 1338.258 ; gain = 501.445
---------------------------------------------------------------------------------
---------------------------------------------------------------------------------
Start Handling Custom Attributes
---------------------------------------------------------------------------------
---------------------------------------------------------------------------------
Finished Handling Custom Attributes : Time (s): cpu = 00:00:09 ; elapsed = 00:00:09 . Memory (MB): peak = 1338.258 ; gain = 501.445
---------------------------------------------------------------------------------
---------------------------------------------------------------------------------
Finished RTL Optimization Phase 1 : Time (s): cpu = 00:00:09 ; elapsed = 00:00:09 . Memory (MB): peak = 1338.258 ; gain = 501.445
---------------------------------------------------------------------------------
Netlist sorting complete. Time (s): cpu = 00:00:00 ; elapsed = 00:00:00.002 . Memory (MB): peak = 1338.258 ; gain = 0.000
INFO: [Project 1-570] Preparing netlist for logic optimization

Processing XDC Constraints
Initializing timing engine
Parsing XDC File [D:/SimpleUART/SimpleUART.srcs/constrs_1/new/arty-A7_uart.xdc]
Finished Parsing XDC File [D:/SimpleUART/SimpleUART.srcs/constrs_1/new/arty-A7_uart.xdc]
INFO: [Project 1-236] Implementation specific constraints were found while reading constraint file [D:/SimpleUART/SimpleUART.srcs/constrs_1/new/arty-A7_uart.xdc]. These constraints will be ignored for synthesis but will be used in implementation. Impacted constraints are listed in the file [.Xil/uart_top_propImpl.xdc].
Resolution: To avoid this warning, move constraints listed in [.Xil/uart_top_propImpl.xdc] to another XDC file and exclude this new file from synthesis with the used_in_synthesis property (File Properties dialog in GUI) and re-run elaboration/synthesis.
Completed Processing XDC Constraints

Netlist sorting complete. Time (s): cpu = 00:00:00 ; elapsed = 00:00:00 . Memory (MB): peak = 1385.324 ; gain = 0.000
INFO: [Project 1-111] Unisim Transformation Summary:
No Unisim elements were transformed.

Constraint Validation Runtime : Time (s): cpu = 00:00:00 ; elapsed = 00:00:00.004 . Memory (MB): peak = 1385.324 ; gain = 0.000
INFO: [Designutils 20-5440] No compile time benefit to using incremental synthesis; A full resynthesis will be run
INFO: [Designutils 20-4379] Flow is switching to default flow due to incremental criteria not met. If you would like to alter this behaviour and have the flow terminate instead, please set the following parameter config_implementation {autoIncr.Synth.RejectBehavior Terminate}
---------------------------------------------------------------------------------
Finished Constraint Validation : Time (s): cpu = 00:00:18 ; elapsed = 00:00:19 . Memory (MB): peak = 1385.324 ; gain = 548.512
---------------------------------------------------------------------------------
---------------------------------------------------------------------------------
Start Loading Part and Timing Information
---------------------------------------------------------------------------------
Loading part: xc7a35ticsg324-1L
---------------------------------------------------------------------------------
Finished Loading Part and Timing Information : Time (s): cpu = 00:00:18 ; elapsed = 00:00:19 . Memory (MB): peak = 1385.324 ; gain = 548.512
---------------------------------------------------------------------------------
---------------------------------------------------------------------------------
Start Applying 'set_property' XDC Constraints
---------------------------------------------------------------------------------
---------------------------------------------------------------------------------
Finished applying 'set_property' XDC Constraints : Time (s): cpu = 00:00:18 ; elapsed = 00:00:19 . Memory (MB): peak = 1385.324 ; gain = 548.512
---------------------------------------------------------------------------------
INFO: [Synth 8-802] inferred FSM for state register 'state_reg' in module 'uart_rx'
INFO: [Synth 8-802] inferred FSM for state register 'state_reg' in module 'uart_tx'
WARNING: [Synth 8-327] inferring latch for variable 'data_reg' [D:/SimpleUART/SimpleUART.srcs/sources_1/new/uart_rx.sv:56]
---------------------------------------------------------------------------------------------------
                   State |                     New Encoding |                Previous Encoding 
---------------------------------------------------------------------------------------------------
                    idle |                               00 |                             0000
                   start |                               01 |                             0001
                 rx_data |                               10 |                             0010
                    stop |                               11 |                             0011
---------------------------------------------------------------------------------------------------
INFO: [Synth 8-3354] encoded FSM with state register 'state_reg' using encoding 'sequential' in module 'uart_rx'
WARNING: [Synth 8-327] inferring latch for variable 'ready_reg' [D:/SimpleUART/SimpleUART.srcs/sources_1/new/uart_rx.sv:54]
WARNING: [Synth 8-327] inferring latch for variable 'q_reg' [D:/SimpleUART/SimpleUART.srcs/sources_1/new/uart_tx.sv:57]
---------------------------------------------------------------------------------------------------
                   State |                     New Encoding |                Previous Encoding 
---------------------------------------------------------------------------------------------------
                    idle |                               00 |                             0000
                   start |                               01 |                             0001
                 tx_data |                               10 |                             0010
                    stop |                               11 |                             0011
---------------------------------------------------------------------------------------------------
INFO: [Synth 8-3354] encoded FSM with state register 'state_reg' using encoding 'sequential' in module 'uart_tx'
WARNING: [Synth 8-327] inferring latch for variable 'busy_reg' [D:/SimpleUART/SimpleUART.srcs/sources_1/new/uart_tx.sv:57]
---------------------------------------------------------------------------------
Finished RTL Optimization Phase 2 : Time (s): cpu = 00:00:18 ; elapsed = 00:00:19 . Memory (MB): peak = 1385.324 ; gain = 548.512
---------------------------------------------------------------------------------
---------------------------------------------------------------------------------
Start RTL Component Statistics 
---------------------------------------------------------------------------------
Detailed RTL Component Info : 
+---Adders : 
	   2 Input   10 Bit       Adders := 2     
	   2 Input    4 Bit       Adders := 2     
+---Registers : 
	               10 Bit    Registers := 2     
	                8 Bit    Registers := 2     
	                4 Bit    Registers := 3     
	                2 Bit    Registers := 1     
	                1 Bit    Registers := 1     
+---Muxes : 
	   4 Input    2 Bit        Muxes := 2     
	   2 Input    2 Bit        Muxes := 4     
	   2 Input    1 Bit        Muxes := 9     
	   4 Input    1 Bit        Muxes := 6     
---------------------------------------------------------------------------------
Finished RTL Component Statistics 
---------------------------------------------------------------------------------
---------------------------------------------------------------------------------
Start Part Resource Summary
---------------------------------------------------------------------------------
Part Resources:
DSPs: 90 (col length:60)
BRAMs: 100 (col length: RAMB18 60 RAMB36 30)
---------------------------------------------------------------------------------
Finished Part Resource Summary
---------------------------------------------------------------------------------
---------------------------------------------------------------------------------
Start Cross Boundary and Area Optimization
---------------------------------------------------------------------------------
WARNING: [Synth 8-7080] Parallel synthesis criteria is not met
WARNING: [Synth 8-3332] Sequential element (transmitter/q_reg) is unused and will be removed from module uart_top.
WARNING: [Synth 8-3332] Sequential element (transmitter/busy_reg) is unused and will be removed from module uart_top.
---------------------------------------------------------------------------------
Finished Cross Boundary and Area Optimization : Time (s): cpu = 00:00:20 ; elapsed = 00:00:22 . Memory (MB): peak = 1385.324 ; gain = 548.512
---------------------------------------------------------------------------------
---------------------------------------------------------------------------------
Start Applying XDC Timing Constraints
---------------------------------------------------------------------------------
---------------------------------------------------------------------------------
Finished Applying XDC Timing Constraints : Time (s): cpu = 00:00:27 ; elapsed = 00:00:28 . Memory (MB): peak = 1385.324 ; gain = 548.512
---------------------------------------------------------------------------------
---------------------------------------------------------------------------------
Start Timing Optimization
---------------------------------------------------------------------------------
---------------------------------------------------------------------------------
Finished Timing Optimization : Time (s): cpu = 00:00:27 ; elapsed = 00:00:28 . Memory (MB): peak = 1385.324 ; gain = 548.512
---------------------------------------------------------------------------------
---------------------------------------------------------------------------------
Start Technology Mapping
---------------------------------------------------------------------------------
---------------------------------------------------------------------------------
Finished Technology Mapping : Time (s): cpu = 00:00:27 ; elapsed = 00:00:28 . Memory (MB): peak = 1385.324 ; gain = 548.512
---------------------------------------------------------------------------------
---------------------------------------------------------------------------------
Start IO Insertion
---------------------------------------------------------------------------------
---------------------------------------------------------------------------------
Start Flattening Before IO Insertion
---------------------------------------------------------------------------------
---------------------------------------------------------------------------------
Finished Flattening Before IO Insertion
---------------------------------------------------------------------------------
---------------------------------------------------------------------------------
Start Final Netlist Cleanup
---------------------------------------------------------------------------------
---------------------------------------------------------------------------------
Finished Final Netlist Cleanup
---------------------------------------------------------------------------------
---------------------------------------------------------------------------------
Finished IO Insertion : Time (s): cpu = 00:00:33 ; elapsed = 00:00:34 . Memory (MB): peak = 1385.324 ; gain = 548.512
---------------------------------------------------------------------------------
---------------------------------------------------------------------------------
Start Renaming Generated Instances
---------------------------------------------------------------------------------
---------------------------------------------------------------------------------
Finished Renaming Generated Instances : Time (s): cpu = 00:00:33 ; elapsed = 00:00:34 . Memory (MB): peak = 1385.324 ; gain = 548.512
---------------------------------------------------------------------------------
---------------------------------------------------------------------------------
Start Rebuilding User Hierarchy
---------------------------------------------------------------------------------
---------------------------------------------------------------------------------
Finished Rebuilding User Hierarchy : Time (s): cpu = 00:00:33 ; elapsed = 00:00:34 . Memory (MB): peak = 1385.324 ; gain = 548.512
---------------------------------------------------------------------------------
---------------------------------------------------------------------------------
Start Renaming Generated Ports
---------------------------------------------------------------------------------
---------------------------------------------------------------------------------
Finished Renaming Generated Ports : Time (s): cpu = 00:00:33 ; elapsed = 00:00:34 . Memory (MB): peak = 1385.324 ; gain = 548.512
---------------------------------------------------------------------------------
---------------------------------------------------------------------------------
Start Handling Custom Attributes
---------------------------------------------------------------------------------
---------------------------------------------------------------------------------
Finished Handling Custom Attributes : Time (s): cpu = 00:00:33 ; elapsed = 00:00:34 . Memory (MB): peak = 1385.324 ; gain = 548.512
---------------------------------------------------------------------------------
---------------------------------------------------------------------------------
Start Renaming Generated Nets
---------------------------------------------------------------------------------
---------------------------------------------------------------------------------
Finished Renaming Generated Nets : Time (s): cpu = 00:00:33 ; elapsed = 00:00:34 . Memory (MB): peak = 1385.324 ; gain = 548.512
---------------------------------------------------------------------------------
---------------------------------------------------------------------------------
Start Writing Synthesis Report
---------------------------------------------------------------------------------

Report BlackBoxes: 
+-+--------------+----------+
| |BlackBox name |Instances |
+-+--------------+----------+
+-+--------------+----------+

Report Cell Usage: 
+------+-----+------+
|      |Cell |Count |
+------+-----+------+
|1     |BUFG |     1|
|2     |LUT1 |     5|
|3     |LUT2 |     9|
|4     |LUT3 |    14|
|5     |LUT4 |    10|
|6     |LUT5 |     8|
|7     |LUT6 |    14|
|8     |FDRE |    55|
|9     |LD   |     9|
|10    |IBUF |     3|
|11    |OBUF |     1|
+------+-----+------+
---------------------------------------------------------------------------------
Finished Writing Synthesis Report : Time (s): cpu = 00:00:33 ; elapsed = 00:00:34 . Memory (MB): peak = 1385.324 ; gain = 548.512
---------------------------------------------------------------------------------
Synthesis finished with 0 errors, 0 critical warnings and 7 warnings.
Synthesis Optimization Runtime : Time (s): cpu = 00:00:22 ; elapsed = 00:00:32 . Memory (MB): peak = 1385.324 ; gain = 501.445
Synthesis Optimization Complete : Time (s): cpu = 00:00:33 ; elapsed = 00:00:34 . Memory (MB): peak = 1385.324 ; gain = 548.512
INFO: [Project 1-571] Translating synthesized netlist
Netlist sorting complete. Time (s): cpu = 00:00:00 ; elapsed = 00:00:00.001 . Memory (MB): peak = 1385.324 ; gain = 0.000
INFO: [Netlist 29-17] Analyzing 9 Unisim elements for replacement
INFO: [Netlist 29-28] Unisim Transformation completed in 0 CPU seconds
INFO: [Project 1-570] Preparing netlist for logic optimization
INFO: [Opt 31-138] Pushed 0 inverter(s) to 0 load pin(s).
Netlist sorting complete. Time (s): cpu = 00:00:00 ; elapsed = 00:00:00 . Memory (MB): peak = 1385.324 ; gain = 0.000
INFO: [Project 1-111] Unisim Transformation Summary:
  A total of 9 instances were transformed.
  LD => LDCE: 9 instances

Synth Design complete | Checksum: b13490ea
INFO: [Common 17-83] Releasing license: Synthesis
35 Infos, 11 Warnings, 0 Critical Warnings and 0 Errors encountered.
synth_design completed successfully
synth_design: Time (s): cpu = 00:00:38 ; elapsed = 00:00:43 . Memory (MB): peak = 1385.324 ; gain = 929.852
INFO: [Common 17-600] The following parameters have non-default value.
tcl.collectionResultDisplayLimit
INFO: [Common 17-1381] The checkpoint 'D:/SimpleUART/SimpleUART.runs/synth_1/uart_top.dcp' has been generated.
INFO: [runtcl-4] Executing : report_utilization -file uart_top_utilization_synth.rpt -pb uart_top_utilization_synth.pb
INFO: [Common 17-206] Exiting Vivado at Mon Dec 25 16:44:17 2023...
